h:\poly\maitrise\inf8702 - charge de lab\a2016\tp1\tp1_corrigé\debug\vc120.pdb
h:\poly\maitrise\inf8702 - charge de lab\a2016\tp1\tp1_corrigé\debug\vc120.idb
h:\poly\maitrise\inf8702 - charge de lab\a2016\tp1\tp1_corrigé\debug\grillequads.obj
h:\poly\maitrise\inf8702 - charge de lab\a2016\tp1\tp1_corrigé\debug\main.obj
h:\poly\maitrise\inf8702 - charge de lab\a2016\tp1\tp1_corrigé\debug\cst.obj
h:\poly\maitrise\inf8702 - charge de lab\a2016\tp1\tp1_corrigé\debug\lumiere.obj
h:\poly\maitrise\inf8702 - charge de lab\a2016\tp1\tp1_corrigé\debug\materiau.obj
h:\poly\maitrise\inf8702 - charge de lab\a2016\tp1\tp1_corrigé\debug\modele3dabstrait.obj
h:\poly\maitrise\inf8702 - charge de lab\a2016\tp1\tp1_corrigé\debug\modele3dobj.obj
h:\poly\maitrise\inf8702 - charge de lab\a2016\tp1\tp1_corrigé\debug\nuanceurprog.obj
h:\poly\maitrise\inf8702 - charge de lab\a2016\tp1\tp1_corrigé\debug\texture2d.obj
h:\poly\maitrise\inf8702 - charge de lab\a2016\tp1\tp1_corrigé\debug\textureabstraite.obj
h:\poly\maitrise\inf8702 - charge de lab\a2016\tp1\tp1_corrigé\debug\texturecubemap.obj
h:\poly\maitrise\inf8702 - charge de lab\a2016\tp1\tp1_corrigé\debug\var.obj
h:\poly\maitrise\inf8702 - charge de lab\a2016\tp1\tp1_corrigé\debug\noise.obj
h:\poly\maitrise\inf8702 - charge de lab\a2016\tp1\tp1_corrigé\debug\textfile.obj
h:\poly\maitrise\inf8702 - charge de lab\a2016\tp1\tp1_corrigé\debug\tp1.ilk
h:\poly\maitrise\inf8702 - charge de lab\a2016\tp1\tp1_corrigé\debug\tp1.exe
h:\poly\maitrise\inf8702 - charge de lab\a2016\tp1\tp1_corrigé\debug\tp1.pdb
h:\poly\maitrise\inf8702 - charge de lab\a2016\tp1\tp1_corrigé\debug\tp1.tlog\cl.command.1.tlog
h:\poly\maitrise\inf8702 - charge de lab\a2016\tp1\tp1_corrigé\debug\tp1.tlog\cl.read.1.tlog
h:\poly\maitrise\inf8702 - charge de lab\a2016\tp1\tp1_corrigé\debug\tp1.tlog\cl.write.1.tlog
h:\poly\maitrise\inf8702 - charge de lab\a2016\tp1\tp1_corrigé\debug\tp1.tlog\link.command.1.tlog
h:\poly\maitrise\inf8702 - charge de lab\a2016\tp1\tp1_corrigé\debug\tp1.tlog\link.read.1.tlog
h:\poly\maitrise\inf8702 - charge de lab\a2016\tp1\tp1_corrigé\debug\tp1.tlog\link.write.1.tlog
