x:\downloads\tp2\debug\tp2.ilk
x:\downloads\tp2\debug\tp2.exe
x:\downloads\tp2\debug\tp2.pdb
x:\downloads\tp2\debug\vc140.pdb
x:\downloads\tp2\debug\vc140.idb
x:\downloads\tp2\debug\cst.obj
x:\downloads\tp2\debug\gazon.obj
x:\downloads\tp2\debug\grillequads.obj
x:\downloads\tp2\debug\lumiere.obj
x:\downloads\tp2\debug\main.obj
x:\downloads\tp2\debug\materiau.obj
x:\downloads\tp2\debug\modele3dabstrait.obj
x:\downloads\tp2\debug\modele3dobj.obj
x:\downloads\tp2\debug\nuanceurprog.obj
x:\downloads\tp2\debug\skybox.obj
x:\downloads\tp2\debug\surfacebsplinaire.obj
x:\downloads\tp2\debug\texture2d.obj
x:\downloads\tp2\debug\textureabstraite.obj
x:\downloads\tp2\debug\texturecubemap.obj
x:\downloads\tp2\debug\var.obj
x:\downloads\tp2\debug\noise.obj
x:\downloads\tp2\debug\textfile.obj
x:\downloads\tp2\debug\tp2.tlog\link.command.1.tlog
x:\downloads\tp2\debug\tp2.tlog\link.write.1.tlog
x:\downloads\tp2\debug\tp2.tlog\link.read.1.tlog
x:\downloads\tp2\debug\tp2.tlog\cl.write.1.tlog
x:\downloads\tp2\debug\tp2.tlog\cl.command.1.tlog
x:\downloads\tp2\debug\tp2.tlog\cl.read.1.tlog
