d:\poly\maitrise\inf8702-chargelabo\a2016\tp_base\debug\vc120.pdb
d:\poly\maitrise\inf8702-chargelabo\a2016\tp_base\debug\vc120.idb
d:\poly\maitrise\inf8702-chargelabo\a2016\tp_base\debug\carte.obj
d:\poly\maitrise\inf8702-chargelabo\a2016\tp_base\debug\cst.obj
d:\poly\maitrise\inf8702-chargelabo\a2016\tp_base\debug\gazon.obj
d:\poly\maitrise\inf8702-chargelabo\a2016\tp_base\debug\grillequads.obj
d:\poly\maitrise\inf8702-chargelabo\a2016\tp_base\debug\lumiere.obj
d:\poly\maitrise\inf8702-chargelabo\a2016\tp_base\debug\main.obj
d:\poly\maitrise\inf8702-chargelabo\a2016\tp_base\debug\materiau.obj
d:\poly\maitrise\inf8702-chargelabo\a2016\tp_base\debug\modele3dabstrait.obj
d:\poly\maitrise\inf8702-chargelabo\a2016\tp_base\debug\modele3dobj.obj
d:\poly\maitrise\inf8702-chargelabo\a2016\tp_base\debug\nuanceurprog.obj
d:\poly\maitrise\inf8702-chargelabo\a2016\tp_base\debug\skybox.obj
d:\poly\maitrise\inf8702-chargelabo\a2016\tp_base\debug\surfacebsplinaire.obj
d:\poly\maitrise\inf8702-chargelabo\a2016\tp_base\debug\texture2d.obj
d:\poly\maitrise\inf8702-chargelabo\a2016\tp_base\debug\textureabstraite.obj
d:\poly\maitrise\inf8702-chargelabo\a2016\tp_base\debug\texturecubemap.obj
d:\poly\maitrise\inf8702-chargelabo\a2016\tp_base\debug\var.obj
d:\poly\maitrise\inf8702-chargelabo\a2016\tp_base\debug\noise.obj
d:\poly\maitrise\inf8702-chargelabo\a2016\tp_base\debug\textfile.obj
d:\poly\maitrise\inf8702-chargelabo\a2016\tp_base\debug\tp2v2.ilk
d:\poly\maitrise\inf8702-chargelabo\a2016\tp_base\debug\tp2v2.exe
d:\poly\maitrise\inf8702-chargelabo\a2016\tp_base\debug\tp2v2.pdb
h:\poly\maitrise\inf8702 - charge de lab\a2016\tp1\debug\carte.obj
h:\poly\maitrise\inf8702 - charge de lab\a2016\tp1\debug\cst.obj
h:\poly\maitrise\inf8702 - charge de lab\a2016\tp1\debug\gazon.obj
h:\poly\maitrise\inf8702 - charge de lab\a2016\tp1\debug\grillequads.obj
h:\poly\maitrise\inf8702 - charge de lab\a2016\tp1\debug\lumiere.obj
h:\poly\maitrise\inf8702 - charge de lab\a2016\tp1\debug\main.obj
h:\poly\maitrise\inf8702 - charge de lab\a2016\tp1\debug\materiau.obj
h:\poly\maitrise\inf8702 - charge de lab\a2016\tp1\debug\modele3dabstrait.obj
h:\poly\maitrise\inf8702 - charge de lab\a2016\tp1\debug\modele3dobj.obj
h:\poly\maitrise\inf8702 - charge de lab\a2016\tp1\debug\noise.obj
h:\poly\maitrise\inf8702 - charge de lab\a2016\tp1\debug\nuanceurprog.obj
h:\poly\maitrise\inf8702 - charge de lab\a2016\tp1\debug\skybox.obj
h:\poly\maitrise\inf8702 - charge de lab\a2016\tp1\debug\surfacebsplinaire.obj
h:\poly\maitrise\inf8702 - charge de lab\a2016\tp1\debug\textfile.obj
h:\poly\maitrise\inf8702 - charge de lab\a2016\tp1\debug\texture2d.obj
h:\poly\maitrise\inf8702 - charge de lab\a2016\tp1\debug\textureabstraite.obj
h:\poly\maitrise\inf8702 - charge de lab\a2016\tp1\debug\texturecubemap.obj
h:\poly\maitrise\inf8702 - charge de lab\a2016\tp1\debug\var.obj
h:\poly\maitrise\inf8702 - charge de lab\a2016\tp1\debug\tp2v2.ilk
h:\poly\maitrise\inf8702 - charge de lab\a2016\tp1\debug\vc120.idb
h:\poly\maitrise\inf8702 - charge de lab\a2016\tp1\debug\tp2v2.pdb
h:\poly\maitrise\inf8702 - charge de lab\a2016\tp1\debug\vc120.pdb
h:\poly\maitrise\inf8702 - charge de lab\a2016\tp1\debug\tp2v2.exe
h:\poly\maitrise\inf8702 - charge de lab\a2016\tp1\debug\tp2v2.tlog\cl.command.1.tlog
h:\poly\maitrise\inf8702 - charge de lab\a2016\tp1\debug\tp2v2.tlog\cl.read.1.tlog
h:\poly\maitrise\inf8702 - charge de lab\a2016\tp1\debug\tp2v2.tlog\cl.write.1.tlog
h:\poly\maitrise\inf8702 - charge de lab\a2016\tp1\debug\tp2v2.tlog\link.command.1.tlog
h:\poly\maitrise\inf8702 - charge de lab\a2016\tp1\debug\tp2v2.tlog\link.read.1.tlog
h:\poly\maitrise\inf8702 - charge de lab\a2016\tp1\debug\tp2v2.tlog\link.write.1.tlog
